::1 - - [29/Oct/2020:22:01:19 +0000] "GET /api/index HTTP/1.1" 200 2 "-" "PostmanRuntime/7.26.3"
::1 - - [31/Oct/2020:01:15:23 +0000] "POST /api/auth HTTP/1.1" 200 2 "-" "PostmanRuntime/7.26.3"
::1 - - [31/Oct/2020:01:16:45 +0000] "POST /api/auth HTTP/1.1" 200 2 "-" "PostmanRuntime/7.26.3"
::1 - - [31/Oct/2020:01:17:03 +0000] "POST /api/auth HTTP/1.1" 200 2 "-" "PostmanRuntime/7.26.3"
::1 - - [31/Oct/2020:01:25:59 +0000] "POST /api/auth HTTP/1.1" 200 2 "-" "PostmanRuntime/7.26.3"
::1 - - [31/Oct/2020:01:26:25 +0000] "POST /api/auth HTTP/1.1" 200 2 "-" "PostmanRuntime/7.26.3"
::1 - - [31/Oct/2020:01:26:53 +0000] "POST /api/auth HTTP/1.1" 200 2 "-" "PostmanRuntime/7.26.3"
::1 - - [31/Oct/2020:01:27:06 +0000] "POST /api/auth HTTP/1.1" 200 2 "-" "PostmanRuntime/7.26.3"
::1 - - [31/Oct/2020:01:27:30 +0000] "POST /api/auth HTTP/1.1" 200 2 "-" "PostmanRuntime/7.26.3"
::1 - - [31/Oct/2020:01:27:49 +0000] "POST /api/auth HTTP/1.1" 200 2 "-" "PostmanRuntime/7.26.3"
::1 - - [31/Oct/2020:01:29:16 +0000] "POST /api/auth HTTP/1.1" 200 2 "-" "PostmanRuntime/7.26.3"
::1 - - [31/Oct/2020:01:29:34 +0000] "POST /api/auth HTTP/1.1" 200 2 "-" "PostmanRuntime/7.26.3"
::1 - - [31/Oct/2020:01:31:42 +0000] "POST /api/auth HTTP/1.1" 200 2 "-" "PostmanRuntime/7.26.3"
::1 - - [31/Oct/2020:01:31:59 +0000] "POST /api/auth HTTP/1.1" 200 2 "-" "PostmanRuntime/7.26.3"
::1 - - [31/Oct/2020:01:34:58 +0000] "POST /api/auth HTTP/1.1" 200 2 "-" "PostmanRuntime/7.26.3"
::1 - - [31/Oct/2020:01:35:33 +0000] "POST /api/auth HTTP/1.1" 200 2 "-" "PostmanRuntime/7.26.3"
::1 - - [31/Oct/2020:01:39:48 +0000] "POST /api/auth HTTP/1.1" 200 2 "-" "PostmanRuntime/7.26.3"
::1 - - [31/Oct/2020:01:40:19 +0000] "POST /api/auth HTTP/1.1" 200 2 "-" "PostmanRuntime/7.26.3"
::1 - - [31/Oct/2020:01:40:39 +0000] "POST /api/auth HTTP/1.1" 200 2 "-" "PostmanRuntime/7.26.3"
::1 - - [31/Oct/2020:01:40:49 +0000] "POST /api/auth HTTP/1.1" 200 2 "-" "PostmanRuntime/7.26.3"
::1 - - [31/Oct/2020:01:41:59 +0000] "POST /api/auth HTTP/1.1" 200 2 "-" "PostmanRuntime/7.26.3"
::1 - - [31/Oct/2020:01:42:11 +0000] "POST /api/auth HTTP/1.1" 200 2 "-" "PostmanRuntime/7.26.3"
::1 - - [31/Oct/2020:01:46:10 +0000] "POST /api/auth HTTP/1.1" 200 2 "-" "PostmanRuntime/7.26.3"
::1 - - [31/Oct/2020:01:46:32 +0000] "POST /api/auth HTTP/1.1" 200 2 "-" "PostmanRuntime/7.26.3"
::1 - - [31/Oct/2020:04:24:37 +0000] "POST /api/auth HTTP/1.1" 200 2 "-" "PostmanRuntime/7.26.3"
::1 - - [31/Oct/2020:04:24:56 +0000] "POST /api/auth HTTP/1.1" 200 2 "-" "PostmanRuntime/7.26.3"
::1 - - [31/Oct/2020:04:25:16 +0000] "POST /api/auth HTTP/1.1" 200 2 "-" "PostmanRuntime/7.26.3"
::1 - - [31/Oct/2020:04:25:31 +0000] "POST /api/auth HTTP/1.1" 200 2 "-" "PostmanRuntime/7.26.3"
::1 - - [31/Oct/2020:04:45:30 +0000] "POST /api/auth HTTP/1.1" 400 18 "-" "PostmanRuntime/7.26.3"
::1 - - [31/Oct/2020:04:48:32 +0000] "POST /api/auth HTTP/1.1" 200 - "-" "PostmanRuntime/7.26.3"
::1 - - [31/Oct/2020:04:48:43 +0000] "POST /api/auth HTTP/1.1" 400 111 "-" "PostmanRuntime/7.26.3"
::1 - - [31/Oct/2020:04:48:57 +0000] "POST /api/auth HTTP/1.1" 200 - "-" "PostmanRuntime/7.26.3"
::1 - - [31/Oct/2020:04:49:14 +0000] "POST /api/auth HTTP/1.1" 400 156 "-" "PostmanRuntime/7.26.3"
::1 - - [31/Oct/2020:04:49:20 +0000] "POST /api/auth HTTP/1.1" 200 - "-" "PostmanRuntime/7.26.3"
::1 - - [31/Oct/2020:04:49:26 +0000] "POST /api/auth HTTP/1.1" 400 156 "-" "PostmanRuntime/7.26.3"
::1 - - [31/Oct/2020:04:49:37 +0000] "POST /api/auth HTTP/1.1" 200 - "-" "PostmanRuntime/7.26.3"
::1 - - [31/Oct/2020:04:49:43 +0000] "POST /api/auth HTTP/1.1" 400 44 "-" "PostmanRuntime/7.26.3"
::1 - - [31/Oct/2020:04:49:54 +0000] "POST /api/auth HTTP/1.1" 400 44 "-" "PostmanRuntime/7.26.3"
::1 - - [31/Oct/2020:04:50:01 +0000] "POST /api/auth HTTP/1.1" 400 44 "-" "PostmanRuntime/7.26.3"
::1 - - [31/Oct/2020:04:50:21 +0000] "POST /api/auth HTTP/1.1" 400 97 "-" "PostmanRuntime/7.26.3"
::1 - - [31/Oct/2020:04:51:26 +0000] "POST /api/auth HTTP/1.1" 200 - "-" "PostmanRuntime/7.26.3"
::1 - - [31/Oct/2020:04:54:53 +0000] "POST /api/auth HTTP/1.1" 200 - "-" "PostmanRuntime/7.26.3"
::1 - - [31/Oct/2020:04:55:46 +0000] "POST /api/auth HTTP/1.1" 200 - "-" "PostmanRuntime/7.26.3"
::1 - - [31/Oct/2020:04:56:05 +0000] "POST /api/auth HTTP/1.1" 200 - "-" "PostmanRuntime/7.26.3"
::1 - - [31/Oct/2020:05:00:28 +0000] "POST /api/auth HTTP/1.1" 200 - "-" "PostmanRuntime/7.26.3"
::1 - - [31/Oct/2020:05:00:55 +0000] "POST /api/auth HTTP/1.1" 401 14 "-" "PostmanRuntime/7.26.3"
::1 - - [31/Oct/2020:05:01:53 +0000] "POST /api/auth/register HTTP/1.1" 401 14 "-" "PostmanRuntime/7.26.3"
::1 - - [31/Oct/2020:05:02:03 +0000] "POST /api/auth/register HTTP/1.1" 401 14 "-" "PostmanRuntime/7.26.3"
::1 - - [31/Oct/2020:05:02:08 +0000] "POST /api/auth/register HTTP/1.1" 401 14 "-" "PostmanRuntime/7.26.3"
::1 - - [31/Oct/2020:05:06:15 +0000] "POST /api/auth/register HTTP/1.1" 400 2 "-" "PostmanRuntime/7.26.3"
::1 - - [31/Oct/2020:05:06:33 +0000] "POST /api/auth/register HTTP/1.1" 400 2 "-" "PostmanRuntime/7.26.3"
::1 - - [31/Oct/2020:05:07:20 +0000] "POST /api/auth/register HTTP/1.1" 400 2 "-" "PostmanRuntime/7.26.3"
::1 - - [31/Oct/2020:05:07:40 +0000] "POST /api/auth/register HTTP/1.1" 400 2 "-" "PostmanRuntime/7.26.3"
::1 - - [31/Oct/2020:05:14:44 +0000] "POST /api/auth/register HTTP/1.1" 401 14 "-" "PostmanRuntime/7.26.3"
::1 - - [31/Oct/2020:05:15:15 +0000] "POST /api/auth/register HTTP/1.1" 401 14 "-" "PostmanRuntime/7.26.3"
::1 - - [31/Oct/2020:05:19:36 +0000] "POST /api/auth/register HTTP/1.1" 401 14 "-" "PostmanRuntime/7.26.3"
::1 - - [31/Oct/2020:05:21:34 +0000] "POST /api/auth/register HTTP/1.1" 403 14 "-" "PostmanRuntime/7.26.3"
::1 - - [31/Oct/2020:20:38:01 +0000] "POST /api/auth/register HTTP/1.1" 200 - "-" "PostmanRuntime/7.26.3"
::1 - - [31/Oct/2020:20:38:15 +0000] "POST /api/auth/register HTTP/1.1" 403 14 "-" "PostmanRuntime/7.26.3"
::1 - - [31/Oct/2020:20:38:22 +0000] "POST /api/auth/register HTTP/1.1" 200 - "-" "PostmanRuntime/7.26.3"
::1 - - [31/Oct/2020:21:22:03 +0000] "POST /api/auth/login HTTP/1.1" 200 50 "-" "PostmanRuntime/7.26.3"
::1 - - [31/Oct/2020:21:22:44 +0000] "POST /api/auth/login HTTP/1.1" 200 50 "-" "PostmanRuntime/7.26.3"
::1 - - [31/Oct/2020:21:23:00 +0000] "POST /api/auth/login HTTP/1.1" 400 69 "-" "PostmanRuntime/7.26.3"
::1 - - [31/Oct/2020:21:23:47 +0000] "POST /api/auth/login HTTP/1.1" 200 48 "-" "PostmanRuntime/7.26.3"
::1 - - [31/Oct/2020:21:31:12 +0000] "POST /api/auth/login HTTP/1.1" 400 69 "-" "PostmanRuntime/7.26.3"
::1 - - [31/Oct/2020:21:31:21 +0000] "POST /api/auth/login HTTP/1.1" 400 54 "-" "PostmanRuntime/7.26.3"
::1 - - [31/Oct/2020:21:31:31 +0000] "POST /api/auth/login HTTP/1.1" 200 50 "-" "PostmanRuntime/7.26.3"
::1 - - [31/Oct/2020:21:31:42 +0000] "POST /api/auth/login HTTP/1.1" 400 69 "-" "PostmanRuntime/7.26.3"
::1 - - [31/Oct/2020:21:31:49 +0000] "POST /api/auth/login HTTP/1.1" 400 37 "-" "PostmanRuntime/7.26.3"
::1 - - [31/Oct/2020:21:33:56 +0000] "POST /api/auth/login HTTP/1.1" 400 2 "-" "PostmanRuntime/7.26.3"
::1 - - [31/Oct/2020:21:34:19 +0000] "POST /api/auth/login HTTP/1.1" 400 2 "-" "PostmanRuntime/7.26.3"
::1 - - [31/Oct/2020:21:34:32 +0000] "POST /api/auth/login HTTP/1.1" 200 51 "-" "PostmanRuntime/7.26.3"
::1 - - [31/Oct/2020:21:34:48 +0000] "POST /api/auth/login HTTP/1.1" 200 51 "-" "PostmanRuntime/7.26.3"
::1 - - [31/Oct/2020:21:35:16 +0000] "POST /api/auth/login HTTP/1.1" 200 52 "-" "PostmanRuntime/7.26.3"
::1 - - [31/Oct/2020:21:35:38 +0000] "POST /api/auth/login HTTP/1.1" 200 50 "-" "PostmanRuntime/7.26.3"
::1 - - [31/Oct/2020:21:36:40 +0000] "POST /api/auth/login HTTP/1.1" 200 50 "-" "PostmanRuntime/7.26.3"
::1 - - [31/Oct/2020:21:39:40 +0000] "POST /api/auth/login HTTP/1.1" 400 39 "-" "PostmanRuntime/7.26.3"
::1 - - [31/Oct/2020:21:40:14 +0000] "POST /api/auth/login HTTP/1.1" 200 50 "-" "PostmanRuntime/7.26.3"
::1 - - [31/Oct/2020:21:40:58 +0000] "POST /api/auth/login HTTP/1.1" 200 50 "-" "PostmanRuntime/7.26.3"
::1 - - [31/Oct/2020:21:41:03 +0000] "POST /api/auth/login HTTP/1.1" 404 15 "-" "PostmanRuntime/7.26.3"
::1 - - [31/Oct/2020:21:42:32 +0000] "POST /api/auth/login HTTP/1.1" 400 14 "-" "PostmanRuntime/7.26.3"
::1 - - [31/Oct/2020:21:42:50 +0000] "POST /api/auth/login HTTP/1.1" 400 14 "-" "PostmanRuntime/7.26.3"
::1 - - [31/Oct/2020:21:43:29 +0000] "POST /api/auth/login HTTP/1.1" 404 14 "-" "PostmanRuntime/7.26.3"
::1 - - [31/Oct/2020:21:45:29 +0000] "POST /api/auth/login HTTP/1.1" 404 14 "-" "PostmanRuntime/7.26.3"
::1 - - [31/Oct/2020:21:45:42 +0000] "POST /api/auth/login HTTP/1.1" 404 14 "-" "PostmanRuntime/7.26.3"
::1 - - [31/Oct/2020:21:50:03 +0000] "POST /api/auth/register HTTP/1.1" 200 - "-" "PostmanRuntime/7.26.3"
::1 - - [31/Oct/2020:21:55:01 +0000] "POST /api/auth/login HTTP/1.1" 404 14 "-" "PostmanRuntime/7.26.3"
::1 - - [31/Oct/2020:21:55:15 +0000] "POST /api/auth/login HTTP/1.1" 404 14 "-" "PostmanRuntime/7.26.3"
::1 - - [31/Oct/2020:22:00:06 +0000] "POST /api/auth/login HTTP/1.1" 404 14 "-" "PostmanRuntime/7.26.3"
::1 - - [31/Oct/2020:22:00:54 +0000] "POST /api/auth/login HTTP/1.1" 400 3 "-" "PostmanRuntime/7.26.3"
::1 - - [31/Oct/2020:22:04:32 +0000] "POST /api/auth/login HTTP/1.1" 400 3 "-" "PostmanRuntime/7.26.3"
::1 - - [31/Oct/2020:22:04:39 +0000] "POST /api/auth/login HTTP/1.1" 404 14 "-" "PostmanRuntime/7.26.3"
::1 - - [31/Oct/2020:22:04:48 +0000] "POST /api/auth/login HTTP/1.1" 404 14 "-" "PostmanRuntime/7.26.3"
::1 - - [31/Oct/2020:22:07:01 +0000] "POST /api/auth/login HTTP/1.1" 404 14 "-" "PostmanRuntime/7.26.3"
::1 - - [31/Oct/2020:22:07:22 +0000] "POST /api/auth/login HTTP/1.1" 404 14 "-" "PostmanRuntime/7.26.3"
::1 - - [31/Oct/2020:22:07:53 +0000] "POST /api/auth/login HTTP/1.1" 404 14 "-" "PostmanRuntime/7.26.3"
::1 - - [31/Oct/2020:22:08:26 +0000] "POST /api/auth/login HTTP/1.1" 404 14 "-" "PostmanRuntime/7.26.3"
::1 - - [31/Oct/2020:22:09:22 +0000] "POST /api/auth/login HTTP/1.1" 404 14 "-" "PostmanRuntime/7.26.3"
::1 - - [31/Oct/2020:22:09:40 +0000] "POST /api/auth/login HTTP/1.1" 200 50 "-" "PostmanRuntime/7.26.3"
::1 - - [31/Oct/2020:22:13:48 +0000] "POST /api/auth/login HTTP/1.1" 200 50 "-" "PostmanRuntime/7.26.3"
::1 - - [31/Oct/2020:22:14:24 +0000] "POST /api/auth/login HTTP/1.1" 400 3 "-" "PostmanRuntime/7.26.3"
::1 - - [31/Oct/2020:22:15:22 +0000] "POST /api/auth/login HTTP/1.1" 404 39 "-" "PostmanRuntime/7.26.3"
::1 - - [31/Oct/2020:22:15:44 +0000] "POST /api/auth/login HTTP/1.1" 200 50 "-" "PostmanRuntime/7.26.3"
::1 - - [01/Nov/2020:01:15:21 +0000] "POST /api/auth/login HTTP/1.1" 200 50 "-" "PostmanRuntime/7.26.3"
::1 - - [01/Nov/2020:01:36:12 +0000] "POST /api/auth/login HTTP/1.1" 200 - "-" "PostmanRuntime/7.26.3"
::1 - - [01/Nov/2020:01:36:28 +0000] "POST /api/auth/login HTTP/1.1" 400 116 "-" "PostmanRuntime/7.26.3"
::1 - - [01/Nov/2020:01:36:58 +0000] "POST /api/auth/login HTTP/1.1" 200 - "-" "PostmanRuntime/7.26.3"
::1 - - [01/Nov/2020:01:40:45 +0000] "DELETE /api/auth/logout HTTP/1.1" 200 - "-" "PostmanRuntime/7.26.3"
::1 - - [01/Nov/2020:01:41:06 +0000] "DELETE /api/auth/logout HTTP/1.1" 200 - "-" "PostmanRuntime/7.26.3"
::1 - - [01/Nov/2020:01:41:25 +0000] "DELETE /api/auth/logout?a=asas HTTP/1.1" 200 - "-" "PostmanRuntime/7.26.3"
::1 - - [01/Nov/2020:01:42:00 +0000] "DELETE /api/auth/logout/123456 HTTP/1.1" 404 164 "-" "PostmanRuntime/7.26.3"
::1 - - [01/Nov/2020:01:42:22 +0000] "DELETE /api/auth/logout/123456 HTTP/1.1" 200 - "-" "PostmanRuntime/7.26.3"
::1 - - [01/Nov/2020:01:44:54 +0000] "DELETE /api/auth/logout/123456 HTTP/1.1" 200 - "-" "PostmanRuntime/7.26.3"
::1 - - [01/Nov/2020:01:45:11 +0000] "DELETE /api/auth/logout HTTP/1.1" 404 157 "-" "PostmanRuntime/7.26.3"
::1 - - [01/Nov/2020:01:45:15 +0000] "DELETE /api/auth/logout/ HTTP/1.1" 404 158 "-" "PostmanRuntime/7.26.3"
::1 - - [01/Nov/2020:01:45:22 +0000] "DELETE /api/auth/logout/ HTTP/1.1" 404 158 "-" "PostmanRuntime/7.26.3"
::1 - - [01/Nov/2020:01:45:26 +0000] "DELETE /api/auth/logout/as HTTP/1.1" 200 - "-" "PostmanRuntime/7.26.3"
::1 - - [01/Nov/2020:01:48:22 +0000] "DELETE /api/auth/logout/as HTTP/1.1" 400 - "-" "PostmanRuntime/7.26.3"
::1 - - [01/Nov/2020:01:48:45 +0000] "DELETE /api/auth/logout/as HTTP/1.1" 400 - "-" "PostmanRuntime/7.26.3"
::1 - - [01/Nov/2020:01:49:21 +0000] "DELETE /api/auth/logout/as HTTP/1.1" 400 20 "-" "PostmanRuntime/7.26.3"
::1 - - [01/Nov/2020:01:49:42 +0000] "POST /api/auth/login HTTP/1.1" 200 - "-" "PostmanRuntime/7.26.3"
::1 - - [01/Nov/2020:01:49:54 +0000] "DELETE /api/auth/logout/eyJhbGciOiJIUzI1NiIsInR5cCI6IkpXVCJ9.eyJfaWQiOiI1ZjlkZGMwYjhmNTgzOTQxNDMwZmEwYzAiLCJpYXQiOjE2MDQxOTUzODJ9.Cf3r5l53R5toZ8vuEPEfJMhsNmLErqj2KaDYqdaHVZc HTTP/1.1" 400 20 "-" "PostmanRuntime/7.26.3"
::1 - - [01/Nov/2020:01:50:16 +0000] "DELETE /api/auth/logout/eyJhbGciOiJIUzI1NiIsInR5cCI6IkpXVCJ9.eyJfaWQiOiI1ZjlkZGMwYjhmNTgzOTQxNDMwZmEwYzAiLCJpYXQiOjE2MDQxOTUzODJ9.Cf3r5l53R5toZ8vuEPEfJMhsNmLErqj2KaDYqdaHVZc HTTP/1.1" 400 20 "-" "PostmanRuntime/7.26.3"
::1 - - [01/Nov/2020:01:53:03 +0000] "DELETE /api/auth/logout/5f9e14369660a7114c4c9cea HTTP/1.1" 200 13 "-" "PostmanRuntime/7.26.3"
::1 - - [01/Nov/2020:01:53:17 +0000] "DELETE /api/auth/logout/5f9e14369660a7114c4c9cea HTTP/1.1" 400 21 "-" "PostmanRuntime/7.26.3"
::1 - - [01/Nov/2020:01:53:32 +0000] "POST /api/auth/login HTTP/1.1" 200 - "-" "PostmanRuntime/7.26.3"
::1 - - [01/Nov/2020:01:53:52 +0000] "DELETE /api/auth/logout/5f9e151c83fec212364e719f HTTP/1.1" 200 13 "-" "PostmanRuntime/7.26.3"
::1 - - [01/Nov/2020:01:53:56 +0000] "DELETE /api/auth/logout/5f9e151c83fec212364e719f HTTP/1.1" 400 21 "-" "PostmanRuntime/7.26.3"
::1 - - [01/Nov/2020:02:08:36 +0000] "POST /api/auth/recovery HTTP/1.1" - - "-" "PostmanRuntime/7.26.3"
::1 - - [01/Nov/2020:02:09:05 +0000] "POST /api/auth/recovery HTTP/1.1" 200 4 "-" "PostmanRuntime/7.26.3"
::1 - - [01/Nov/2020:02:09:24 +0000] "POST /api/auth/recovery HTTP/1.1" 200 5 "-" "PostmanRuntime/7.26.3"
::1 - - [01/Nov/2020:02:09:33 +0000] "POST /api/auth/recovery HTTP/1.1" 200 2 "-" "PostmanRuntime/7.26.3"
::1 - - [01/Nov/2020:02:09:36 +0000] "POST /api/auth/recovery HTTP/1.1" 200 2 "-" "PostmanRuntime/7.26.3"
::1 - - [01/Nov/2020:02:09:40 +0000] "POST /api/auth/recovery HTTP/1.1" 200 5 "-" "PostmanRuntime/7.26.3"
::1 - - [01/Nov/2020:02:26:00 +0000] "POST /api/auth/recovery HTTP/1.1" 400 20 "-" "PostmanRuntime/7.26.3"
::1 - - [01/Nov/2020:02:26:12 +0000] "POST /api/auth/recovery HTTP/1.1" 400 20 "-" "PostmanRuntime/7.26.3"
::1 - - [01/Nov/2020:02:26:51 +0000] "POST /api/auth/recovery HTTP/1.1" - - "-" "PostmanRuntime/7.26.3"
::1 - - [01/Nov/2020:02:39:28 +0000] "POST /api/auth/reset?token=eyJhbGciOiJIUzI1NiIsInR5cCI6IkpXVCJ9.eyJfaWQiOiI1ZjlkZGMwYjhmNTgzOTQxNDMwZmEwYzAiLCJpYXQiOjE2MDQxOTc2MDV9.8ElY2P2DTqdnrI75pXI9J14DWH_00KAhfXPC43Fm-R0 HTTP/1.1" 400 2 "-" "PostmanRuntime/7.26.3"
::1 - - [01/Nov/2020:02:40:02 +0000] "POST /api/auth/reset?token=eyJhbGciOiJIUzI1NiIsInR5cCI6IkpXVCJ9.eyJfaWQiOiI1ZjlkZGMwYjhmNTgzOTQxNDMwZmEwYzAiLCJpYXQiOjE2MDQxOTc2MDV9.8ElY2P2DTqdnrI75pXI9J14DWH_00KAhfXPC43Fm-R0 HTTP/1.1" 400 2 "-" "PostmanRuntime/7.26.3"
::1 - - [01/Nov/2020:02:40:26 +0000] "POST /api/auth/reset?token=eyJhbGciOiJIUzI1NiIsInR5cCI6IkpXVCJ9.eyJfaWQiOiI1ZjlkZGMwYjhmNTgzOTQxNDMwZmEwYzAiLCJpYXQiOjE2MDQxOTc2MDV9.8ElY2P2DTqdnrI75pXI9J14DWH_00KAhfXPC43Fm-R0 HTTP/1.1" 200 23 "-" "PostmanRuntime/7.26.3"
::1 - - [01/Nov/2020:02:41:15 +0000] "POST /api/auth/reset?token=eyJhbGciOiJIUzI1NiIsInR5cCI6IkpXVCJ9.eyJfaWQiOiI1ZjlkZGMwYjhmNTgzOTQxNDMwZmEwYzAiLCJpYXQiOjE2MDQxOTc2MDV9.8ElY2P2DTqdnrI75pXI9J14DWH_00KAhfXPC43Fm-R0 HTTP/1.1" 404 13 "-" "PostmanRuntime/7.26.3"
::1 - - [01/Nov/2020:02:42:22 +0000] "POST /api/auth/recovery HTTP/1.1" 200 20 "-" "PostmanRuntime/7.26.3"
::1 - - [01/Nov/2020:02:42:49 +0000] "POST /api/auth/reset?token=eyJhbGciOiJIUzI1NiIsInR5cCI6IkpXVCJ9.eyJfaWQiOiI1ZjlkZGMwYjhmNTgzOTQxNDMwZmEwYzAiLCJpYXQiOjE2MDQxOTg1NDJ9.NBSsVtm0cyguKEU3F2sRwVvGDQuWDti6zCmhdmCxk7g HTTP/1.1" 400 22 "-" "PostmanRuntime/7.26.3"
::1 - - [01/Nov/2020:02:43:08 +0000] "POST /api/auth/reset?token=eyJhbGciOiJIUzI1NiIsInR5cCI6IkpXVCJ9.eyJfaWQiOiI1ZjlkZGMwYjhmNTgzOTQxNDMwZmEwYzAiLCJpYXQiOjE2MDQxOTg1NDJ9.NBSsVtm0cyguKEU3F2sRwVvGDQuWDti6zCmhdmCxk7g HTTP/1.1" 200 23 "-" "PostmanRuntime/7.26.3"
::1 - - [01/Nov/2020:02:49:13 +0000] "POST /api/auth/reset?token=eyJhbGciOiJIUzI1NiIsInR5cCI6IkpXVCJ9.eyJfaWQiOiI1ZjlkZGMwYjhmNTgzOTQxNDMwZmEwYzAiLCJpYXQiOjE2MDQxOTg1NDJ9.NBSsVtm0cyguKEU3F2sRwVvGDQuWDti6zCmhdmCxk7g HTTP/1.1" 404 13 "-" "PostmanRuntime/7.26.3"
::1 - - [01/Nov/2020:02:50:26 +0000] "POST /api/auth/recovery HTTP/1.1" 200 20 "-" "PostmanRuntime/7.26.3"
::1 - - [01/Nov/2020:02:50:59 +0000] "POST /api/auth/reset?token=eyJhbGciOiJIUzI1NiIsInR5cCI6IkpXVCJ9.eyJfaWQiOiI1ZjlkZGMwYjhmNTgzOTQxNDMwZmEwYzAiLCJpYXQiOjE2MDQxOTkwMjZ9.o9VUYWgrQumKE2Go9-Kb19J3sqzgabgHJwiZv1OfBzs HTTP/1.1" 400 88 "-" "PostmanRuntime/7.26.3"
::1 - - [01/Nov/2020:02:52:28 +0000] "POST /api/auth/recovery HTTP/1.1" 404 29 "-" "PostmanRuntime/7.26.3"
::1 - - [01/Nov/2020:02:52:36 +0000] "POST /api/auth/recovery HTTP/1.1" 404 29 "-" "PostmanRuntime/7.26.3"
::1 - - [01/Nov/2020:02:52:54 +0000] "POST /api/auth/register HTTP/1.1" 200 - "-" "PostmanRuntime/7.26.3"
::1 - - [01/Nov/2020:02:53:08 +0000] "POST /api/auth/recovery HTTP/1.1" 200 20 "-" "PostmanRuntime/7.26.3"
::1 - - [01/Nov/2020:02:53:44 +0000] "POST /api/auth/reset?token=eyJhbGciOiJIUzI1NiIsInR5cCI6IkpXVCJ9.eyJfaWQiOiI1ZjllMjMwNjE1NWQyZTJmYWZkNTIzMjQiLCJpYXQiOjE2MDQxOTkxODh9.51lzROxjyzqZJRCZoYyNp92t9q5Ut0SxpNPSgft7GF8 HTTP/1.1" 200 23 "-" "PostmanRuntime/7.26.3"
::1 - - [01/Nov/2020:02:54:35 +0000] "POST /api/auth/reset?token=eyJhbGciOiJIUzI1NiIsInR5cCI6IkpXVCJ9.eyJfaWQiOiI1ZjllMjMwNjE1NWQyZTJmYWZkNTIzMjQiLCJpYXQiOjE2MDQxOTkxODh9.51lzROxjyzqZJRCZoYyNp92t9q5Ut0SxpNPSgft7GF8 HTTP/1.1" 404 13 "-" "PostmanRuntime/7.26.3"
::1 - - [02/Nov/2020:12:06:57 +0000] "GET /api/posts/ HTTP/1.1" 200 5 "-" "PostmanRuntime/7.26.3"
::1 - - [02/Nov/2020:12:07:55 +0000] "GET /api/posts/ HTTP/1.1" 500 1946 "-" "PostmanRuntime/7.26.3"
::1 - - [02/Nov/2020:12:08:28 +0000] "GET /api/posts/ HTTP/1.1" 200 5 "-" "PostmanRuntime/7.26.3"
::1 - - [02/Nov/2020:12:08:54 +0000] "GET /api/posts/ HTTP/1.1" 200 5 "-" "PostmanRuntime/7.26.3"
::1 - - [02/Nov/2020:12:10:06 +0000] "GET /api/posts/ HTTP/1.1" 200 5 "-" "PostmanRuntime/7.26.3"
::1 - - [02/Nov/2020:12:10:36 +0000] "GET /api/posts/ HTTP/1.1" 200 5 "-" "PostmanRuntime/7.26.3"
::1 - - [02/Nov/2020:12:11:01 +0000] "GET /api/posts/ HTTP/1.1" 200 5 "-" "PostmanRuntime/7.26.3"
::1 - - [02/Nov/2020:12:11:15 +0000] "GET /api/posts/ HTTP/1.1" 200 - "-" "PostmanRuntime/7.26.3"
::1 - - [02/Nov/2020:12:11:31 +0000] "GET /api/posts/ HTTP/1.1" 500 2052 "-" "PostmanRuntime/7.26.3"
::1 - - [02/Nov/2020:12:11:43 +0000] "GET /api/posts/ HTTP/1.1" 200 - "-" "PostmanRuntime/7.26.3"
::1 - - [02/Nov/2020:12:12:30 +0000] "GET /api/posts/ HTTP/1.1" 500 2063 "-" "PostmanRuntime/7.26.3"
::1 - - [02/Nov/2020:12:14:02 +0000] "GET /api/posts/ HTTP/1.1" 200 - "-" "PostmanRuntime/7.26.3"
::1 - - [02/Nov/2020:12:14:45 +0000] "GET /api/posts/ HTTP/1.1" 200 - "-" "PostmanRuntime/7.26.3"
::1 - - [02/Nov/2020:12:15:36 +0000] "GET /api/posts/ HTTP/1.1" 200 - "-" "PostmanRuntime/7.26.3"
::1 - - [02/Nov/2020:12:16:12 +0000] "GET /api/posts/ HTTP/1.1" 500 2034 "-" "PostmanRuntime/7.26.3"
::1 - - [02/Nov/2020:12:16:30 +0000] "GET /api/posts/ HTTP/1.1" 500 2034 "-" "PostmanRuntime/7.26.3"
::1 - - [02/Nov/2020:12:16:39 +0000] "GET /api/posts/ HTTP/1.1" 200 29 "-" "PostmanRuntime/7.26.3"
::1 - - [02/Nov/2020:12:17:44 +0000] "GET /api/posts/ HTTP/1.1" 200 29 "-" "PostmanRuntime/7.26.3"
